  ElementClasses.cpp
  ToolClasses.cpp
  GameSave.cpp
  DebugLines.cpp
  DebugParts.cpp
  ElementPopulation.cpp
  ParticleDebug.cpp
  Renderer.cpp
  ColourPickerActivity.cpp
  ElementSearchActivity.cpp
  GameController.cpp
  GameModel.cpp
  GameView.cpp
  PropertyTool.cpp
  SampleTool.cpp
  SignTool.cpp
  Tool.cpp
  OptionsController.cpp
  OptionsModel.cpp
  OptionsView.cpp
  Generating Code...
  Compiling...
  CommandInterface.cpp
  LegacyLuaAPI.cpp
  LuaButton.cpp
  LuaCheckbox.cpp
  LuaComponent.cpp
  LuaLabel.cpp
  LuaProgressBar.cpp
  LuaScriptInterface.cpp
  LuaSlider.cpp
  LuaTextbox.cpp
  LuaWindow.cpp
  TPTScriptInterface.cpp
  PowderToySDL.cpp
  Air.cpp
  CyensTools.cpp
  116.cpp
  146.cpp
  ACEL.cpp
  ACET.cpp
  ACID.cpp
  Generating Code...
  Compiling...
  ACTA.cpp
  ALCL.cpp
  AMID.cpp
  AMIN.cpp
  AMTR.cpp
  ANAR.cpp
  ANFO.cpp
  ARAY.cpp
  BANG.cpp
  BCLN.cpp
  BCOL.cpp
  BGLA.cpp
  BHOL.cpp
  BIZR.cpp
  BIZRG.cpp
  BIZRS.cpp
  BMTL.cpp
  BOMB.cpp
  BOYL.cpp
  BRAY.cpp
  Generating Code...
  Compiling...
  BRCK.cpp
  BREC.cpp
  BRMT.cpp
  BTRY.cpp
  BVBR.cpp
  C5.cpp
  CAUS.cpp
  CBNL.cpp
  CBNW.cpp
  CBXL.cpp
  CCL2.cpp
  CFLM.cpp
  CLCO.cpp
  CLNE.cpp
  CLST.cpp
  CNCT.cpp
  CO.cpp
  CO2.cpp
  COAL.cpp
  CONV.cpp
  Generating Code...
  Compiling...
  CRAY.cpp
  CRBN.cpp
  CRMC.cpp
  CYAN.cpp
  DCEL.cpp
  DESL.cpp
  DEST.cpp
  DEUT.cpp
  DLAY.cpp
  DMG.cpp
  DMND.cpp
  DRAY.cpp
  DRIC.cpp
  DSTW.cpp
  DTEC.cpp
  DUST.cpp
  DYST.cpp
  ELEC.cpp
  Element.cpp
  EMBR.cpp
  Generating Code...
  Compiling...
  EMP.cpp
  ETRD.cpp
  EXOT.cpp
  FIGH.cpp
  FILT.cpp
  FIRE.cpp
  FIRW.cpp
  FMLD.cpp
  FOG.cpp
  FRAY.cpp
  FRMD.cpp
  FRME.cpp
  FRZW.cpp
  FRZZ.cpp
  FSEP.cpp
  FUSE.cpp
  FWRK.cpp
  GAS.cpp
  GBMB.cpp
  GEL.cpp
  Generating Code...
  Compiling...
  GLAS.cpp
  GLOW.cpp
  GOLD.cpp
  GOO.cpp
  GPMP.cpp
  GRAV.cpp
  GRVT.cpp
  GUNP.cpp
  H2.cpp
  HDZN.cpp
  HEAC.cpp
  HNO3.cpp
  HSWC.cpp
  HXDE.cpp
  ICEI.cpp
  IGNT.cpp
  INSL.cpp
  INST.cpp
  INVIS.cpp
  INWR.cpp
  Generating Code...
  Compiling...
  IRON.cpp
  ISCY.cpp
  ISOZ.cpp
  ISZS.cpp
  LAVA.cpp
  LCRY.cpp
  LIFE.cpp
  LIGH.cpp
  LNTG.cpp
  LO2.cpp
  LOLZ.cpp
  LOVE.cpp
  LRBD.cpp
  LSNS.cpp
  MERC.cpp
  METL.cpp
  MORT.cpp
  MWAX.cpp
  N2.cpp
  NBHL.cpp
  Generating Code...
  Compiling...
  NBLE.cpp
  NCTD.cpp
  NEUT.cpp
  NH3.cpp
  NICE.cpp
  NITR.cpp
  NONE.cpp
  NSCN.cpp
  NTCT.cpp
  NWHL.cpp
  O2.cpp
  OIL.cpp
  OXIM.cpp
  PBCN.cpp
  PCLN.cpp
  PHOT.cpp
  PIPE.cpp
  PLEX.cpp
  PLNT.cpp
  PLSM.cpp
  Generating Code...
  Compiling...
  PLUT.cpp
  POLO.cpp
  PPIP.cpp
  PQRT.cpp
  PRFN.cpp
  PROT.cpp
  PRTI.cpp
  PRTO.cpp
  PSCN.cpp
  PSNS.cpp
  PSTE.cpp
  PSTN.cpp
  PSTS.cpp
  PTCT.cpp
  PUMP.cpp
  PVOD.cpp
  QRTZ.cpp
  RBAC.cpp
  RBDM.cpp
  RFGL.cpp
  Generating Code...
  Compiling...
  RFRG.cpp
  RIME.cpp
  RPEL.cpp
  SALT.cpp
  SAND.cpp
  SAWD.cpp
  SDHX.cpp
  SDUM.cpp
  SHLD1.cpp
  SHLD2.cpp
  SHLD3.cpp
  SHLD4.cpp
  SING.cpp
  SLTW.cpp
  SMKE.cpp
  SNOW.cpp
  SOAP.cpp
  SPAWN.cpp
  SPAWN2.cpp
  SPNG.cpp
  Generating Code...
  Compiling...
  SPRK.cpp
  STKM.cpp
  STKM2.cpp
  STNE.cpp
  STOR.cpp
  SWCH.cpp
  TESC.cpp
  THDR.cpp
  THRM.cpp
  TRON.cpp
  TSNS.cpp
  TTAN.cpp
  TUNG.cpp
  UNTR.cpp
  URAN.cpp
  UREA.cpp
  VIBR.cpp
  VINE.cpp
  VIRS.cpp
  VNGR.cpp
  Generating Code...
  Compiling...
  VOID.cpp
  VRSG.cpp
  VRSS.cpp
  WARP.cpp
  WATR.cpp
  WAX.cpp
  WHOL.cpp
  WIFI.cpp
  WIRE.cpp
  WOOD.cpp
  WTRV.cpp
  YEST.cpp
  Gravity.cpp
  SaveRenderer.cpp
  Sign.cpp
  AirTool.cpp
  Cool.cpp
  Heat.cpp
  Mix.cpp
  NGrv.cpp
  Generating Code...
  Compiling...
  PGrv.cpp
  SimTool.cpp
  Vac.cpp
  Simulation.cpp
  SimulationData.cpp
  Generating Code...
MSVCRT.lib(initializers.obj) : warning LNK4098: defaultlib 'msvcrtd.lib' conflicts with use of other libs; use /NODEFAULTLIB:library
  The-Powder-Toy++.vcxproj -> F:\Cyens-Toy-SRC\Build\Cyens Toy.exe
